<?xml version="1.0" encoding="UTF-8"?>
<!-- Generated by org.testng.reporters.JUnitXMLReporter -->
<testsuite hostname="Selenium-HP" name="Test B2" tests="5" failures="0" timestamp="27 Oct 2015 15:51:28 GMT" time="0.38" errors="0">
  <testcase name="testB2" time="0.075" classname="suite2.TestB2"/>
  <testcase name="testB2" time="0.085" classname="suite2.TestB2"/>
  <testcase name="testB2" time="0.075" classname="suite2.TestB2"/>
  <testcase name="testB2" time="0.057" classname="suite2.TestB2">
    <skipped/>
  </testcase> <!-- testB2 -->
  <testcase name="testB2" time="0.04" classname="suite2.TestB2">
    <skipped/>
  </testcase> <!-- testB2 -->
</testsuite> <!-- Test B2 -->
