<?xml version="1.0" encoding="UTF-8"?>
<!-- Generated by org.testng.reporters.JUnitXMLReporter -->
<testsuite hostname="Selenium-HP" name="Test B3" tests="4" failures="0" timestamp="27 Oct 2015 15:51:28 GMT" time="0.25" errors="0">
  <testcase name="testB3" time="0.057" classname="suite2.TestB3">
    <skipped/>
  </testcase> <!-- testB3 -->
  <testcase name="testB3" time="0.073" classname="suite2.TestB3">
    <skipped/>
  </testcase> <!-- testB3 -->
  <testcase name="testB3" time="0.043" classname="suite2.TestB3">
    <skipped/>
  </testcase> <!-- testB3 -->
  <testcase name="testB3" time="0.044" classname="suite2.TestB3">
    <skipped/>
  </testcase> <!-- testB3 -->
</testsuite> <!-- Test B3 -->
