<?xml version="1.0" encoding="UTF-8"?>
<!-- Generated by org.testng.reporters.JUnitXMLReporter -->
<testsuite hostname="Selenium-HP" name="Test A2" tests="5" failures="0" timestamp="27 Oct 2015 15:51:27 GMT" time="0.486" errors="0">
  <testcase name="testA2" time="0.104" classname="suite1.TestA2"/>
  <testcase name="testA2" time="0.08" classname="suite1.TestA2"/>
  <testcase name="testA2" time="0.074" classname="suite1.TestA2"/>
  <testcase name="testA2" time="0.068" classname="suite1.TestA2">
    <skipped/>
  </testcase> <!-- testA2 -->
  <testcase name="testA2" time="0.084" classname="suite1.TestA2">
    <skipped/>
  </testcase> <!-- testA2 -->
</testsuite> <!-- Test A2 -->
