<?xml version="1.0" encoding="UTF-8"?>
<!-- Generated by org.testng.reporters.JUnitXMLReporter -->
<testsuite hostname="Selenium-HP" name="Test A3" tests="4" failures="0" timestamp="27 Oct 2015 15:51:27 GMT" time="0.363" errors="0">
  <testcase name="testA3" time="0.086" classname="suite1.TestA3">
    <skipped/>
  </testcase> <!-- testA3 -->
  <testcase name="testA3" time="0.087" classname="suite1.TestA3">
    <skipped/>
  </testcase> <!-- testA3 -->
  <testcase name="testA3" time="0.075" classname="suite1.TestA3">
    <skipped/>
  </testcase> <!-- testA3 -->
  <testcase name="testA3" time="0.056" classname="suite1.TestA3">
    <skipped/>
  </testcase> <!-- testA3 -->
</testsuite> <!-- Test A3 -->
